2023-03-11 13:46:19,101 INFO o.s.b.w.e.t.TomcatWebServer [main] Tomcat initialized with port(s): 8080 (http)
2023-03-11 13:46:19,118 INFO o.a.c.h.Http11NioProtocol [main] Initializing ProtocolHandler ["http-nio-8080"]
2023-03-11 13:46:19,118 INFO o.a.c.c.StandardService [main] Starting service [Tomcat]
2023-03-11 13:46:19,118 INFO o.a.c.c.StandardEngine [main] Starting Servlet engine: [Apache Tomcat/9.0.63]
2023-03-11 13:46:19,203 INFO o.a.c.c.C.[.[.[/] [main] Initializing Spring embedded WebApplicationContext
2023-03-11 13:46:19,203 INFO o.s.b.w.s.c.ServletWebServerApplicationContext [main] Root WebApplicationContext: initialization completed in 995 ms
2023-03-11 13:46:19,646 INFO o.s.b.a.e.w.EndpointLinksResolver [main] Exposing 1 endpoint(s) beneath base path '/actuator'
2023-03-11 13:46:19,662 INFO o.a.c.h.Http11NioProtocol [main] Starting ProtocolHandler ["http-nio-8080"]
2023-03-11 13:46:19,666 WARN o.s.b.w.s.c.AnnotationConfigServletWebServerApplicationContext [main] Exception encountered during context initialization - cancelling refresh attempt: org.springframework.context.ApplicationContextException: Failed to start bean 'webServerStartStop'; nested exception is org.springframework.boot.web.server.PortInUseException: Port 8080 is already in use
2023-03-11 13:46:19,671 INFO o.a.c.h.Http11NioProtocol [main] Pausing ProtocolHandler ["http-nio-8080"]
2023-03-11 13:46:19,671 INFO o.a.c.c.StandardService [main] Stopping service [Tomcat]
2023-03-11 13:46:19,675 INFO o.a.c.h.Http11NioProtocol [main] Stopping ProtocolHandler ["http-nio-8080"]
2023-03-11 13:46:19,675 INFO o.a.c.h.Http11NioProtocol [main] Destroying ProtocolHandler ["http-nio-8080"]
2023-03-11 13:46:19,684 INFO o.s.b.a.l.ConditionEvaluationReportLoggingListener [main] 

Error starting ApplicationContext. To display the conditions report re-run your application with 'debug' enabled.
2023-03-11 13:46:19,698 ERROR o.s.b.d.LoggingFailureAnalysisReporter [main] 

***************************
APPLICATION FAILED TO START
***************************

Description:

Web server failed to start. Port 8080 was already in use.

Action:

Identify and stop the process that's listening on port 8080 or configure this application to listen on another port.

